
  .   ____          _            __ _ _
 /\\ / ___'_ __ _ _(_)_ __  __ _ \ \ \ \
( ( )\___ | '_ | '_| | '_ \/ _` | \ \ \ \
 \\/  ___)| |_)| | | | | || (_| |  ) ) ) )
  '  |____| .__|_| |_|_| |_\__, | / / / /
 =========|_|==============|___/=/_/_/_/
 :: Spring Boot ::        (v2.2.1.RELEASE)


  .   ____          _            __ _ _
 /\\ / ___'_ __ _ _(_)_ __  __ _ \ \ \ \
( ( )\___ | '_ | '_| | '_ \/ _` | \ \ \ \
 \\/  ___)| |_)| | | | | || (_| |  ) ) ) )
  '  |____| .__|_| |_|_| |_\__, | / / / /
 =========|_|==============|___/=/_/_/_/
 :: Spring Boot ::        (v2.2.1.RELEASE)

Consumed JSON Message: Message(msgKey=6, msgVal={
    "Realtime Currency Exchange Rate": {
        "1. From_Currency Code": "USD",
        "2. From_Currency Name": "United States Dollar",
        "3. To_Currency Code": "INR",
        "4. To_Currency Name": "Indian Rupee",
        "5. Exchange Rate": "71.75400000",
        "6. Last Refreshed": "2019-11-30 14:36:05",
        "7. Time Zone": "UTC",
        "8. Bid Price": "71.72200000",
        "9. Ask Price": "71.78600000"
    }
})
Consumed JSON Message: Message(msgKey=6, msgVal={
    "Realtime Currency Exchange Rate": {
        "1. From_Currency Code": "USD",
        "2. From_Currency Name": "United States Dollar",
        "3. To_Currency Code": "INR",
        "4. To_Currency Name": "Indian Rupee",
        "5. Exchange Rate": "71.75400000",
        "6. Last Refreshed": "2019-11-30 14:36:05",
        "7. Time Zone": "UTC",
        "8. Bid Price": "71.72200000",
        "9. Ask Price": "71.78600000"
    }
})
Consumed JSON Message: Message(msgKey=7, msgVal={
    "Realtime Currency Exchange Rate": {
        "1. From_Currency Code": "USD",
        "2. From_Currency Name": "United States Dollar",
        "3. To_Currency Code": "INR",
        "4. To_Currency Name": "Indian Rupee",
        "5. Exchange Rate": "71.75400000",
        "6. Last Refreshed": "2019-11-30 14:37:10",
        "7. Time Zone": "UTC",
        "8. Bid Price": "71.72200000",
        "9. Ask Price": "71.78600000"
    }
})
Consumed JSON Message: Message(msgKey=7, msgVal={
    "Realtime Currency Exchange Rate": {
        "1. From_Currency Code": "USD",
        "2. From_Currency Name": "United States Dollar",
        "3. To_Currency Code": "INR",
        "4. To_Currency Name": "Indian Rupee",
        "5. Exchange Rate": "71.75400000",
        "6. Last Refreshed": "2019-11-30 14:37:10",
        "7. Time Zone": "UTC",
        "8. Bid Price": "71.72200000",
        "9. Ask Price": "71.78600000"
    }
})
Consumed JSON Message: Message(msgKey=8, msgVal={
    "Realtime Currency Exchange Rate": {
        "1. From_Currency Code": "USD",
        "2. From_Currency Name": "United States Dollar",
        "3. To_Currency Code": "INR",
        "4. To_Currency Name": "Indian Rupee",
        "5. Exchange Rate": "71.75400000",
        "6. Last Refreshed": "2019-11-30 14:38:15",
        "7. Time Zone": "UTC",
        "8. Bid Price": "71.72200000",
        "9. Ask Price": "71.78600000"
    }
})
Consumed JSON Message: Message(msgKey=8, msgVal={
    "Realtime Currency Exchange Rate": {
        "1. From_Currency Code": "USD",
        "2. From_Currency Name": "United States Dollar",
        "3. To_Currency Code": "INR",
        "4. To_Currency Name": "Indian Rupee",
        "5. Exchange Rate": "71.75400000",
        "6. Last Refreshed": "2019-11-30 14:38:15",
        "7. Time Zone": "UTC",
        "8. Bid Price": "71.72200000",
        "9. Ask Price": "71.78600000"
    }
})
Consumed JSON Message: Message(msgKey=9, msgVal={
    "Realtime Currency Exchange Rate": {
        "1. From_Currency Code": "USD",
        "2. From_Currency Name": "United States Dollar",
        "3. To_Currency Code": "INR",
        "4. To_Currency Name": "Indian Rupee",
        "5. Exchange Rate": "71.75400000",
        "6. Last Refreshed": "2019-11-30 14:39:03",
        "7. Time Zone": "UTC",
        "8. Bid Price": "71.72200000",
        "9. Ask Price": "71.78600000"
    }
})
Consumed JSON Message: Message(msgKey=9, msgVal={
    "Realtime Currency Exchange Rate": {
        "1. From_Currency Code": "USD",
        "2. From_Currency Name": "United States Dollar",
        "3. To_Currency Code": "INR",
        "4. To_Currency Name": "Indian Rupee",
        "5. Exchange Rate": "71.75400000",
        "6. Last Refreshed": "2019-11-30 14:39:03",
        "7. Time Zone": "UTC",
        "8. Bid Price": "71.72200000",
        "9. Ask Price": "71.78600000"
    }
})
Consumed JSON Message: Message(msgKey=10, msgVal={
    "Realtime Currency Exchange Rate": {
        "1. From_Currency Code": "USD",
        "2. From_Currency Name": "United States Dollar",
        "3. To_Currency Code": "INR",
        "4. To_Currency Name": "Indian Rupee",
        "5. Exchange Rate": "71.75400000",
        "6. Last Refreshed": "2019-11-30 14:40:05",
        "7. Time Zone": "UTC",
        "8. Bid Price": "71.72200000",
        "9. Ask Price": "71.78600000"
    }
})
Consumed JSON Message: Message(msgKey=10, msgVal={
    "Realtime Currency Exchange Rate": {
        "1. From_Currency Code": "USD",
        "2. From_Currency Name": "United States Dollar",
        "3. To_Currency Code": "INR",
        "4. To_Currency Name": "Indian Rupee",
        "5. Exchange Rate": "71.75400000",
        "6. Last Refreshed": "2019-11-30 14:40:05",
        "7. Time Zone": "UTC",
        "8. Bid Price": "71.72200000",
        "9. Ask Price": "71.78600000"
    }
})
Consumed JSON Message: Message(msgKey=11, msgVal={
    "Realtime Currency Exchange Rate": {
        "1. From_Currency Code": "USD",
        "2. From_Currency Name": "United States Dollar",
        "3. To_Currency Code": "INR",
        "4. To_Currency Name": "Indian Rupee",
        "5. Exchange Rate": "71.75400000",
        "6. Last Refreshed": "2019-11-30 14:41:06",
        "7. Time Zone": "UTC",
        "8. Bid Price": "71.72200000",
        "9. Ask Price": "71.78600000"
    }
})
Consumed JSON Message: Message(msgKey=11, msgVal={
    "Realtime Currency Exchange Rate": {
        "1. From_Currency Code": "USD",
        "2. From_Currency Name": "United States Dollar",
        "3. To_Currency Code": "INR",
        "4. To_Currency Name": "Indian Rupee",
        "5. Exchange Rate": "71.75400000",
        "6. Last Refreshed": "2019-11-30 14:41:06",
        "7. Time Zone": "UTC",
        "8. Bid Price": "71.72200000",
        "9. Ask Price": "71.78600000"
    }
})
Consumed JSON Message: Message(msgKey=12, msgVal={
    "Realtime Currency Exchange Rate": {
        "1. From_Currency Code": "USD",
        "2. From_Currency Name": "United States Dollar",
        "3. To_Currency Code": "INR",
        "4. To_Currency Name": "Indian Rupee",
        "5. Exchange Rate": "71.75400000",
        "6. Last Refreshed": "2019-11-30 14:42:15",
        "7. Time Zone": "UTC",
        "8. Bid Price": "71.72200000",
        "9. Ask Price": "71.78600000"
    }
})
Consumed JSON Message: Message(msgKey=12, msgVal={
    "Realtime Currency Exchange Rate": {
        "1. From_Currency Code": "USD",
        "2. From_Currency Name": "United States Dollar",
        "3. To_Currency Code": "INR",
        "4. To_Currency Name": "Indian Rupee",
        "5. Exchange Rate": "71.75400000",
        "6. Last Refreshed": "2019-11-30 14:42:15",
        "7. Time Zone": "UTC",
        "8. Bid Price": "71.72200000",
        "9. Ask Price": "71.78600000"
    }
})
Consumed JSON Message: Message(msgKey=1, msgVal={"Realtime Currency Exchange Rate":{"1. From_Currency Code":"USD","2. From_Currency Name":"United States Dollar","3. To_Currency Code":"INR","4. To_Currency Name":"Indian Rupee","5. Exchange Rate":"71.75400000","6. Last Refreshed":"2019-11-30 15:26:11","7. Time Zone":"UTC","8. Bid Price":"71.72200000","9. Ask Price":"71.78600000"}})
Consumed JSON Message: Message(msgKey=1, msgVal={"Realtime Currency Exchange Rate":{"1. From_Currency Code":"USD","2. From_Currency Name":"United States Dollar","3. To_Currency Code":"INR","4. To_Currency Name":"Indian Rupee","5. Exchange Rate":"71.75400000","6. Last Refreshed":"2019-11-30 15:26:11","7. Time Zone":"UTC","8. Bid Price":"71.72200000","9. Ask Price":"71.78600000"}})

  .   ____          _            __ _ _
 /\\ / ___'_ __ _ _(_)_ __  __ _ \ \ \ \
( ( )\___ | '_ | '_| | '_ \/ _` | \ \ \ \
 \\/  ___)| |_)| | | | | || (_| |  ) ) ) )
  '  |____| .__|_| |_|_| |_\__, | / / / /
 =========|_|==============|___/=/_/_/_/
 :: Spring Boot ::        (v2.2.1.RELEASE)


  .   ____          _            __ _ _
 /\\ / ___'_ __ _ _(_)_ __  __ _ \ \ \ \
( ( )\___ | '_ | '_| | '_ \/ _` | \ \ \ \
 \\/  ___)| |_)| | | | | || (_| |  ) ) ) )
  '  |____| .__|_| |_|_| |_\__, | / / / /
 =========|_|==============|___/=/_/_/_/
 :: Spring Boot ::        (v2.2.1.RELEASE)


  .   ____          _            __ _ _
 /\\ / ___'_ __ _ _(_)_ __  __ _ \ \ \ \
( ( )\___ | '_ | '_| | '_ \/ _` | \ \ \ \
 \\/  ___)| |_)| | | | | || (_| |  ) ) ) )
  '  |____| .__|_| |_|_| |_\__, | / / / /
 =========|_|==============|___/=/_/_/_/
 :: Spring Boot ::        (v2.2.1.RELEASE)


  .   ____          _            __ _ _
 /\\ / ___'_ __ _ _(_)_ __  __ _ \ \ \ \
( ( )\___ | '_ | '_| | '_ \/ _` | \ \ \ \
 \\/  ___)| |_)| | | | | || (_| |  ) ) ) )
  '  |____| .__|_| |_|_| |_\__, | / / / /
 =========|_|==============|___/=/_/_/_/
 :: Spring Boot ::        (v2.2.1.RELEASE)

Consumed JSON Message: Message(msgKey=1575134745062, msgVal={
    "Realtime Currency Exchange Rate": {
        "1. From_Currency Code": "USD",
        "2. From_Currency Name": "United States Dollar",
        "3. To_Currency Code": "INR",
        "4. To_Currency Name": "Indian Rupee",
        "5. Exchange Rate": "71.74500000",
        "6. Last Refreshed": "2019-11-30 17:25:44",
        "7. Time Zone": "UTC",
        "8. Bid Price": "71.74500000",
        "9. Ask Price": "71.79500000"
    }
})
Consumed JSON Message: Message(msgKey=1575134745062, msgVal={
    "Realtime Currency Exchange Rate": {
        "1. From_Currency Code": "USD",
        "2. From_Currency Name": "United States Dollar",
        "3. To_Currency Code": "INR",
        "4. To_Currency Name": "Indian Rupee",
        "5. Exchange Rate": "71.74500000",
        "6. Last Refreshed": "2019-11-30 17:25:44",
        "7. Time Zone": "UTC",
        "8. Bid Price": "71.74500000",
        "9. Ask Price": "71.79500000"
    }
})
Consumed JSON Message: Message(msgKey=1575134860364, msgVal={
    "Realtime Currency Exchange Rate": {
        "1. From_Currency Code": "USD",
        "2. From_Currency Name": "United States Dollar",
        "3. To_Currency Code": "INR",
        "4. To_Currency Name": "Indian Rupee",
        "5. Exchange Rate": "71.75400000",
        "6. Last Refreshed": "2019-11-30 17:27:40",
        "7. Time Zone": "UTC",
        "8. Bid Price": "71.72200000",
        "9. Ask Price": "71.78600000"
    }
})
Consumed JSON Message: Message(msgKey=1575134860364, msgVal={
    "Realtime Currency Exchange Rate": {
        "1. From_Currency Code": "USD",
        "2. From_Currency Name": "United States Dollar",
        "3. To_Currency Code": "INR",
        "4. To_Currency Name": "Indian Rupee",
        "5. Exchange Rate": "71.75400000",
        "6. Last Refreshed": "2019-11-30 17:27:40",
        "7. Time Zone": "UTC",
        "8. Bid Price": "71.72200000",
        "9. Ask Price": "71.78600000"
    }
})
Consumed JSON Message: Message(msgKey=1575134980331, msgVal={
    "Realtime Currency Exchange Rate": {
        "1. From_Currency Code": "USD",
        "2. From_Currency Name": "United States Dollar",
        "3. To_Currency Code": "INR",
        "4. To_Currency Name": "Indian Rupee",
        "5. Exchange Rate": "71.74500000",
        "6. Last Refreshed": "2019-11-30 17:29:40",
        "7. Time Zone": "UTC",
        "8. Bid Price": "71.74500000",
        "9. Ask Price": "71.79500000"
    }
})
Consumed JSON Message: Message(msgKey=1575134980331, msgVal={
    "Realtime Currency Exchange Rate": {
        "1. From_Currency Code": "USD",
        "2. From_Currency Name": "United States Dollar",
        "3. To_Currency Code": "INR",
        "4. To_Currency Name": "Indian Rupee",
        "5. Exchange Rate": "71.74500000",
        "6. Last Refreshed": "2019-11-30 17:29:40",
        "7. Time Zone": "UTC",
        "8. Bid Price": "71.74500000",
        "9. Ask Price": "71.79500000"
    }
})

  .   ____          _            __ _ _
 /\\ / ___'_ __ _ _(_)_ __  __ _ \ \ \ \
( ( )\___ | '_ | '_| | '_ \/ _` | \ \ \ \
 \\/  ___)| |_)| | | | | || (_| |  ) ) ) )
  '  |____| .__|_| |_|_| |_\__, | / / / /
 =========|_|==============|___/=/_/_/_/
 :: Spring Boot ::        (v2.2.1.RELEASE)

Consumed JSON Message: Message(msgKey=1575135143989, msgVal={
    "Realtime Currency Exchange Rate": {
        "1. From_Currency Code": "USD",
        "2. From_Currency Name": "United States Dollar",
        "3. To_Currency Code": "INR",
        "4. To_Currency Name": "Indian Rupee",
        "5. Exchange Rate": "71.74500000",
        "6. Last Refreshed": "2019-11-30 17:32:23",
        "7. Time Zone": "UTC",
        "8. Bid Price": "71.74500000",
        "9. Ask Price": "71.79500000"
    }
})
Consumed JSON Message: Message(msgKey=1575135143989, msgVal={
    "Realtime Currency Exchange Rate": {
        "1. From_Currency Code": "USD",
        "2. From_Currency Name": "United States Dollar",
        "3. To_Currency Code": "INR",
        "4. To_Currency Name": "Indian Rupee",
        "5. Exchange Rate": "71.74500000",
        "6. Last Refreshed": "2019-11-30 17:32:23",
        "7. Time Zone": "UTC",
        "8. Bid Price": "71.74500000",
        "9. Ask Price": "71.79500000"
    }
})
Consumed JSON Message: Message(msgKey=1575135267194, msgVal={
    "Realtime Currency Exchange Rate": {
        "1. From_Currency Code": "USD",
        "2. From_Currency Name": "United States Dollar",
        "3. To_Currency Code": "INR",
        "4. To_Currency Name": "Indian Rupee",
        "5. Exchange Rate": "71.74500000",
        "6. Last Refreshed": "2019-11-30 17:34:26",
        "7. Time Zone": "UTC",
        "8. Bid Price": "71.74500000",
        "9. Ask Price": "71.79500000"
    }
})
Consumed JSON Message: Message(msgKey=1575135267194, msgVal={
    "Realtime Currency Exchange Rate": {
        "1. From_Currency Code": "USD",
        "2. From_Currency Name": "United States Dollar",
        "3. To_Currency Code": "INR",
        "4. To_Currency Name": "Indian Rupee",
        "5. Exchange Rate": "71.74500000",
        "6. Last Refreshed": "2019-11-30 17:34:26",
        "7. Time Zone": "UTC",
        "8. Bid Price": "71.74500000",
        "9. Ask Price": "71.79500000"
    }
})
Consumed JSON Message: Message(msgKey=1575135383472, msgVal={
    "Realtime Currency Exchange Rate": {
        "1. From_Currency Code": "USD",
        "2. From_Currency Name": "United States Dollar",
        "3. To_Currency Code": "INR",
        "4. To_Currency Name": "Indian Rupee",
        "5. Exchange Rate": "71.74500000",
        "6. Last Refreshed": "2019-11-30 17:36:23",
        "7. Time Zone": "UTC",
        "8. Bid Price": "71.74500000",
        "9. Ask Price": "71.79500000"
    }
})
Consumed JSON Message: Message(msgKey=1575135383472, msgVal={
    "Realtime Currency Exchange Rate": {
        "1. From_Currency Code": "USD",
        "2. From_Currency Name": "United States Dollar",
        "3. To_Currency Code": "INR",
        "4. To_Currency Name": "Indian Rupee",
        "5. Exchange Rate": "71.74500000",
        "6. Last Refreshed": "2019-11-30 17:36:23",
        "7. Time Zone": "UTC",
        "8. Bid Price": "71.74500000",
        "9. Ask Price": "71.79500000"
    }
})
Consumed JSON Message: Message(msgKey=1575135503300, msgVal={
    "Realtime Currency Exchange Rate": {
        "1. From_Currency Code": "USD",
        "2. From_Currency Name": "United States Dollar",
        "3. To_Currency Code": "INR",
        "4. To_Currency Name": "Indian Rupee",
        "5. Exchange Rate": "71.74500000",
        "6. Last Refreshed": "2019-11-30 17:38:22",
        "7. Time Zone": "UTC",
        "8. Bid Price": "71.74500000",
        "9. Ask Price": "71.79500000"
    }
})
Consumed JSON Message: Message(msgKey=1575135503300, msgVal={
    "Realtime Currency Exchange Rate": {
        "1. From_Currency Code": "USD",
        "2. From_Currency Name": "United States Dollar",
        "3. To_Currency Code": "INR",
        "4. To_Currency Name": "Indian Rupee",
        "5. Exchange Rate": "71.74500000",
        "6. Last Refreshed": "2019-11-30 17:38:22",
        "7. Time Zone": "UTC",
        "8. Bid Price": "71.74500000",
        "9. Ask Price": "71.79500000"
    }
})
